# JRE version: OpenJDK Runtime Environment (21.0.2+13) (build 21.0.2+13-58)
# Java VM: OpenJDK 64-Bit Server VM (21.0.2+13-58, mixed mode, sharing, tiered, compressed oops, compressed class ptrs, g1 gc, windows-amd64)
GC Precious Log:
 CardTable entry size: 512
 Card Set container configuration: InlinePtr #cards 5 size 8 Array Of Cards #cards 12 size 40 Howl #buckets 4 coarsen threshold 1843 Howl Bitmap #cards 512 size 80 coarsen threshold 460 Card regions per heap region 1 cards per card region 2048
 CPUs: 4 total, 4 available
 Memory: 4036M
 Large Page Support: Disabled
 NUMA Support: Disabled
 Compressed Oops: Enabled (32-bit)
 Heap Region Size: 1M
 Heap Min Capacity: 8M
 Heap Initial Capacity: 64M
 Heap Max Capacity: 1010M
 Pre-touch: Disabled
 Parallel Workers: 4
 Concurrent Workers: 1
 Concurrent Refinement Workers: 4
 Periodic GC: Disabled
Heap:
 garbage-first heap   total 65536K, used 42418K [0x00000000c0e00000, 0x0000000100000000)
  region size 1024K, 23 young (23552K), 4 survivors (4096K)
 Metaspace       used 28014K, committed 28480K, reserved 1114112K
  class space    used 3556K, committed 3776K, reserved 1048576K
GC Heap History (14 events):
Event: 7.083 GC heap before
{Heap before GC invocations=0 (full 0):
 garbage-first heap   total 65536K, used 15360K [0x00000000c0e00000, 0x0000000100000000)
  region size 1024K, 13 young (13312K), 0 survivors (0K)
 Metaspace       used 1303K, committed 1408K, reserved 1114112K
  class space    used 90K, committed 128K, reserved 1048576K
}
Event: 7.091 GC heap after
{Heap after GC invocations=1 (full 0):
 garbage-first heap   total 65536K, used 11740K [0x00000000c0e00000, 0x0000000100000000)
  region size 1024K, 2 young (2048K), 2 survivors (2048K)
 Metaspace       used 1303K, committed 1408K, reserved 1114112K
  class space    used 90K, committed 128K, reserved 1048576K
}
Event: 10.354 GC heap before
{Heap before GC invocations=1 (full 0):
 garbage-first heap   total 65536K, used 19932K [0x00000000c0e00000, 0x0000000100000000)
  region size 1024K, 10 young (10240K), 2 survivors (2048K)
 Metaspace       used 4291K, committed 4544K, reserved 1114112K
  class space    used 466K, committed 576K, reserved 1048576K
}
Event: 10.362 GC heap after
{Heap after GC invocations=2 (full 0):
 garbage-first heap   total 65536K, used 13235K [0x00000000c0e00000, 0x0000000100000000)
  region size 1024K, 2 young (2048K), 2 survivors (2048K)
 Metaspace       used 4291K, committed 4544K, reserved 1114112K
  class space    used 466K, committed 576K, reserved 1048576K
}
Event: 15.227 GC heap before
{Heap before GC invocations=2 (full 0):
 garbage-first heap   total 65536K, used 28595K [0x00000000c0e00000, 0x0000000100000000)
  region size 1024K, 18 young (18432K), 2 survivors (2048K)
 Metaspace       used 7409K, committed 7616K, reserved 1114112K
  class space    used 874K, committed 960K, reserved 1048576K
}
Event: 15.231 GC heap after
{Heap after GC invocations=3 (full 0):
 garbage-first heap   total 65536K, used 14162K [0x00000000c0e00000, 0x0000000100000000)
  region size 1024K, 3 young (3072K), 3 survivors (3072K)
 Metaspace       used 7409K, committed 7616K, reserved 1114112K
  class space    used 874K, committed 960K, reserved 1048576K
}
Event: 23.730 GC heap before
{Heap before GC invocations=3 (full 0):
 garbage-first heap   total 65536K, used 43858K [0x00000000c0e00000, 0x0000000100000000)
  region size 1024K, 33 young (33792K), 3 survivors (3072K)
 Metaspace       used 15593K, committed 15872K, reserved 1114112K
  class space    used 1865K, committed 1984K, reserved 1048576K
}
Event: 23.739 GC heap after
{Heap after GC invocations=4 (full 0):
 garbage-first heap   total 65536K, used 16349K [0x00000000c0e00000, 0x0000000100000000)
  region size 1024K, 5 young (5120K), 5 survivors (5120K)
 Metaspace       used 15593K, committed 15872K, reserved 1114112K
  class space    used 1865K, committed 1984K, reserved 1048576K
}
Event: 31.751 GC heap before
{Heap before GC invocations=4 (full 0):
 garbage-first heap   total 65536K, used 47069K [0x00000000c0e00000, 0x0000000100000000)
  region size 1024K, 35 young (35840K), 5 survivors (5120K)
 Metaspace       used 20108K, committed 20352K, reserved 1114112K
  class space    used 2381K, committed 2496K, reserved 1048576K
}
Event: 31.763 GC heap after
{Heap after GC invocations=5 (full 0):
 garbage-first heap   total 65536K, used 20028K [0x00000000c0e00000, 0x0000000100000000)
  region size 1024K, 5 young (5120K), 5 survivors (5120K)
 Metaspace       used 20108K, committed 20352K, reserved 1114112K
  class space    used 2381K, committed 2496K, reserved 1048576K
}
Event: 36.973 GC heap before
{Heap before GC invocations=5 (full 0):
 garbage-first heap   total 65536K, used 37436K [0x00000000c0e00000, 0x0000000100000000)
  region size 1024K, 23 young (23552K), 5 survivors (5120K)
 Metaspace       used 21273K, committed 21504K, reserved 1114112K
  class space    used 2522K, committed 2624K, reserved 1048576K
}
Event: 36.986 GC heap after
{Heap after GC invocations=6 (full 0):
 garbage-first heap   total 65536K, used 22200K [0x00000000c0e00000, 0x0000000100000000)
  region size 1024K, 2 young (2048K), 2 survivors (2048K)
 Metaspace       used 21273K, committed 21504K, reserved 1114112K
  class space    used 2522K, committed 2624K, reserved 1048576K
}
Event: 48.431 GC heap before
{Heap before GC invocations=7 (full 0):
 garbage-first heap   total 65536K, used 51896K [0x00000000c0e00000, 0x0000000100000000)
  region size 1024K, 31 young (31744K), 2 survivors (2048K)
 Metaspace       used 25406K, committed 25792K, reserved 1114112K
  class space    used 3184K, committed 3392K, reserved 1048576K
}
Event: 48.437 GC heap after
{Heap after GC invocations=8 (full 0):
 garbage-first heap   total 65536K, used 23986K [0x00000000c0e00000, 0x0000000100000000)
  region size 1024K, 4 young (4096K), 4 survivors (4096K)
 Metaspace       used 25406K, committed 25792K, reserved 1114112K
  class space    used 3184K, committed 3392K, reserved 1048576K
}

