# JRE version: OpenJDK Runtime Environment (21.0.2+13) (build 21.0.2+13-58)
# Java VM: OpenJDK 64-Bit Server VM (21.0.2+13-58, mixed mode, sharing, tiered, compressed oops, compressed class ptrs, g1 gc, windows-amd64)
GC Precious Log:
 CardTable entry size: 512
 Card Set container configuration: InlinePtr #cards 5 size 8 Array Of Cards #cards 12 size 40 Howl #buckets 4 coarsen threshold 1843 Howl Bitmap #cards 512 size 80 coarsen threshold 460 Card regions per heap region 1 cards per card region 2048
 CPUs: 4 total, 4 available
 Memory: 4036M
 Large Page Support: Disabled
 NUMA Support: Disabled
 Compressed Oops: Enabled (32-bit)
 Heap Region Size: 1M
 Heap Min Capacity: 8M
 Heap Initial Capacity: 64M
 Heap Max Capacity: 1010M
 Pre-touch: Disabled
 Parallel Workers: 4
 Concurrent Workers: 1
 Concurrent Refinement Workers: 4
 Periodic GC: Disabled
Heap:
 garbage-first heap   total 65536K, used 22123K [0x00000000c0e00000, 0x0000000100000000)
  region size 1024K, 8 young (8192K), 5 survivors (5120K)
 Metaspace       used 20237K, committed 20480K, reserved 1114112K
  class space    used 2394K, committed 2496K, reserved 1048576K
GC Heap History (10 events):
Event: 8.654 GC heap before
{Heap before GC invocations=0 (full 0):
 garbage-first heap   total 65536K, used 15360K [0x00000000c0e00000, 0x0000000100000000)
  region size 1024K, 13 young (13312K), 0 survivors (0K)
 Metaspace       used 1139K, committed 1280K, reserved 1114112K
  class space    used 73K, committed 128K, reserved 1048576K
}
Event: 8.967 GC heap after
{Heap after GC invocations=1 (full 0):
 garbage-first heap   total 65536K, used 11691K [0x00000000c0e00000, 0x0000000100000000)
  region size 1024K, 2 young (2048K), 2 survivors (2048K)
 Metaspace       used 1139K, committed 1280K, reserved 1114112K
  class space    used 73K, committed 128K, reserved 1048576K
}
Event: 13.470 GC heap before
{Heap before GC invocations=1 (full 0):
 garbage-first heap   total 65536K, used 19883K [0x00000000c0e00000, 0x0000000100000000)
  region size 1024K, 10 young (10240K), 2 survivors (2048K)
 Metaspace       used 4236K, committed 4480K, reserved 1114112K
  class space    used 461K, committed 576K, reserved 1048576K
}
Event: 13.476 GC heap after
{Heap after GC invocations=2 (full 0):
 garbage-first heap   total 65536K, used 12974K [0x00000000c0e00000, 0x0000000100000000)
  region size 1024K, 2 young (2048K), 2 survivors (2048K)
 Metaspace       used 4236K, committed 4480K, reserved 1114112K
  class space    used 461K, committed 576K, reserved 1048576K
}
Event: 20.381 GC heap before
{Heap before GC invocations=2 (full 0):
 garbage-first heap   total 65536K, used 30382K [0x00000000c0e00000, 0x0000000100000000)
  region size 1024K, 20 young (20480K), 2 survivors (2048K)
 Metaspace       used 7968K, committed 8192K, reserved 1114112K
  class space    used 950K, committed 1024K, reserved 1048576K
}
Event: 20.387 GC heap after
{Heap after GC invocations=3 (full 0):
 garbage-first heap   total 65536K, used 13970K [0x00000000c0e00000, 0x0000000100000000)
  region size 1024K, 3 young (3072K), 3 survivors (3072K)
 Metaspace       used 7968K, committed 8192K, reserved 1114112K
  class space    used 950K, committed 1024K, reserved 1048576K
}
Event: 27.225 GC heap before
{Heap before GC invocations=3 (full 0):
 garbage-first heap   total 65536K, used 42642K [0x00000000c0e00000, 0x0000000100000000)
  region size 1024K, 32 young (32768K), 3 survivors (3072K)
 Metaspace       used 15756K, committed 16064K, reserved 1114112K
  class space    used 1900K, committed 2048K, reserved 1048576K
}
Event: 27.237 GC heap after
{Heap after GC invocations=4 (full 0):
 garbage-first heap   total 65536K, used 16456K [0x00000000c0e00000, 0x0000000100000000)
  region size 1024K, 4 young (4096K), 4 survivors (4096K)
 Metaspace       used 15756K, committed 16064K, reserved 1114112K
  class space    used 1900K, committed 2048K, reserved 1048576K
}
Event: 40.145 GC heap before
{Heap before GC invocations=4 (full 0):
 garbage-first heap   total 65536K, used 47176K [0x00000000c0e00000, 0x0000000100000000)
  region size 1024K, 34 young (34816K), 4 survivors (4096K)
 Metaspace       used 20110K, committed 20416K, reserved 1114112K
  class space    used 2379K, committed 2496K, reserved 1048576K
}
Event: 40.205 GC heap after
{Heap after GC invocations=5 (full 0):
 garbage-first heap   total 65536K, used 20075K [0x00000000c0e00000, 0x0000000100000000)
  region size 1024K, 5 young (5120K), 5 survivors (5120K)
 Metaspace       used 20110K, committed 20416K, reserved 1114112K
  class space    used 2379K, committed 2496K, reserved 1048576K
}

